Started by user [8mha:////4OU/jaPo4iySnl/uMHscd9qr+HKwJbxQsIm4I1KMKWsFAAAAlh+LCAAAAAAAAP9b85aBtbiIQTGjNKU4P08vOT+vOD8nVc83PyU1x6OyILUoJzMv2y+/JJUBAhiZGBgqihhk0NSjKDWzXb3RdlLBUSYGJk8GtpzUvPSSDB8G5tKinBIGIZ+sxLJE/ZzEvHT94JKizLx0a6BxUmjGOUNodHsLgAyWEgYu/dLi1CL9lNTcfAAxc9oSvwAAAA==[0mdemo
Building in workspace /var/jenkins_home/workspace/demo-flask-jenkins-slave
 > git rev-parse --is-inside-work-tree # timeout=10
Fetching changes from the remote Git repository
 > git config remote.origin.url https://github.com/ichwill100/flask-sample # timeout=10
Fetching upstream changes from https://github.com/ichwill100/flask-sample
 > git --version # timeout=10
using GIT_ASKPASS to set credentials Github ichwill100
 > git fetch --tags --progress https://github.com/ichwill100/flask-sample +refs/heads/*:refs/remotes/origin/*
 > git rev-parse refs/remotes/origin/master^{commit} # timeout=10
 > git rev-parse refs/remotes/origin/origin/master^{commit} # timeout=10
Checking out Revision 5b3d240b2bba8931dee4a46e8164cf4eec870231 (refs/remotes/origin/master)
 > git config core.sparsecheckout # timeout=10
 > git checkout -f 5b3d240b2bba8931dee4a46e8164cf4eec870231
Commit message: "test02 amaris"
 > git rev-list 5b3d240b2bba8931dee4a46e8164cf4eec870231 # timeout=10
Docker Build
Docker Build: building image at path /var/jenkins_home/workspace/demo-flask-jenkins-slave/Dockerfile
ERROR: Build step failed with exception
[8mha:////4BjWT5Iaof6VliD7FyhoN9gLd4yTPBhKMIDvX9cYNqCoAAAAVx+LCAAAAAAAAP9b85aBtbiIQSmjNKU4P08vOT+vOD8nVc8DzHWtSE4tKMnMz/PLL0mV3NWzufebKBsTA0NFEYMUmgZnCA1SyAABjCCFBQC2xNaiYAAAAA==[0mjava.lang.IllegalStateException: Dockerfile /var/jenkins_home/workspace/demo-flask-jenkins-slave/Dockerfile/Dockerfile does not exist
	at com.github.dockerjava.core.dockerfile.Dockerfile.<init>(Dockerfile.java:37)
	at com.nirima.jenkins.plugins.docker.builder.DockerBuilderPublisher$DockerBuildCallable.invoke(DockerBuilderPublisher.java:426)
	at com.nirima.jenkins.plugins.docker.builder.DockerBuilderPublisher$DockerBuildCallable.invoke(DockerBuilderPublisher.java:423)
	at hudson.FilePath.act(FilePath.java:998)
	at hudson.FilePath.act(FilePath.java:976)
	at com.nirima.jenkins.plugins.docker.builder.DockerBuilderPublisher$Run.buildImage(DockerBuilderPublisher.java:358)
	at com.nirima.jenkins.plugins.docker.builder.DockerBuilderPublisher$Run.run(DockerBuilderPublisher.java:306)
	at com.nirima.jenkins.plugins.docker.builder.DockerBuilderPublisher.perform(DockerBuilderPublisher.java:441)
	at hudson.tasks.BuildStepCompatibilityLayer.perform(BuildStepCompatibilityLayer.java:81)
	at hudson.tasks.BuildStepMonitor$1.perform(BuildStepMonitor.java:20)
	at hudson.model.AbstractBuild$AbstractBuildExecution.perform(AbstractBuild.java:736)
	at hudson.model.Build$BuildExecution.build(Build.java:206)
	at hudson.model.Build$BuildExecution.doRun(Build.java:163)
	at hudson.model.AbstractBuild$AbstractBuildExecution.run(AbstractBuild.java:496)
	at hudson.model.Run.execute(Run.java:1737)
	at hudson.model.FreeStyleBuild.run(FreeStyleBuild.java:43)
	at hudson.model.ResourceController.execute(ResourceController.java:97)
	at hudson.model.Executor.run(Executor.java:421)
Build step 'Build / Publish Docker Image' marked build as failure
Sending e-mails to: saul.vaca@amaris.com
Finished: FAILURE
