Started by user [8mha:////4OU/jaPo4iySnl/uMHscd9qr+HKwJbxQsIm4I1KMKWsFAAAAlh+LCAAAAAAAAP9b85aBtbiIQTGjNKU4P08vOT+vOD8nVc83PyU1x6OyILUoJzMv2y+/JJUBAhiZGBgqihhk0NSjKDWzXb3RdlLBUSYGJk8GtpzUvPSSDB8G5tKinBIGIZ+sxLJE/ZzEvHT94JKizLx0a6BxUmjGOUNodHsLgAyWEgYu/dLi1CL9lNTcfAAxc9oSvwAAAA==[0mdemo
Building in workspace /var/jenkins_home/workspace/flask-sample-demo
$ docker pull hub.docker.com/ichwill100/flask-sample-demo
ERROR: Build step failed with exception
[8mha:////4BjWT5Iaof6VliD7FyhoN9gLd4yTPBhKMIDvX9cYNqCoAAAAVx+LCAAAAAAAAP9b85aBtbiIQSmjNKU4P08vOT+vOD8nVc8DzHWtSE4tKMnMz/PLL0mV3NWzufebKBsTA0NFEYMUmgZnCA1SyAABjCCFBQC2xNaiYAAAAA==[0mjava.io.IOException: error=2, No such file or directory
	at java.lang.UNIXProcess.forkAndExec(Native Method)
	at java.lang.UNIXProcess.<init>(UNIXProcess.java:247)
	at java.lang.ProcessImpl.start(ProcessImpl.java:134)
	at java.lang.ProcessBuilder.start(ProcessBuilder.java:1029)
Caused: java.io.IOException: Cannot run program "docker": error=2, No such file or directory
	at java.lang.ProcessBuilder.start(ProcessBuilder.java:1048)
	at hudson.Proc$LocalProc.<init>(Proc.java:249)
	at hudson.Proc$LocalProc.<init>(Proc.java:218)
	at hudson.Launcher$LocalLauncher.launch(Launcher.java:930)
	at hudson.Launcher$ProcStarter.start(Launcher.java:450)
	at hudson.Launcher$ProcStarter.join(Launcher.java:461)
	at org.jenkinsci.plugins.registry.notification.DockerPullImageBuilder.perform(DockerPullImageBuilder.java:88)
Caused: java.lang.RuntimeException: Failed to pull docker image
	at org.jenkinsci.plugins.registry.notification.DockerPullImageBuilder.perform(DockerPullImageBuilder.java:93)
	at hudson.tasks.BuildStepMonitor$1.perform(BuildStepMonitor.java:20)
	at hudson.model.AbstractBuild$AbstractBuildExecution.perform(AbstractBuild.java:736)
	at hudson.model.Build$BuildExecution.build(Build.java:206)
	at hudson.model.Build$BuildExecution.doRun(Build.java:163)
	at hudson.model.AbstractBuild$AbstractBuildExecution.run(AbstractBuild.java:496)
	at hudson.model.Run.execute(Run.java:1737)
	at hudson.model.FreeStyleBuild.run(FreeStyleBuild.java:43)
	at hudson.model.ResourceController.execute(ResourceController.java:97)
	at hudson.model.Executor.run(Executor.java:421)
Build step 'Pull Docker image from Docker Hub/Registry' marked build as failure
Sending e-mails to: saul.vaca@amaris.com
ERROR: 534-5.7.14 <https://accounts.google.com/signin/continue?sarp=1&scc=1&plt=AKgnsbt8
534-5.7.14 zZ_XgRqQ48NVvxUW1HFnqrN6jWHVtb4zZ2y5HRYB7JwNrltsHuattJf70O2eVUjgf0dHtK
534-5.7.14 Kf4739vHKqm0ys6EXN4RggQzg5Q7n0oYcVD-27yDejEXa5Pa78LBXca6h_7pDa1yewyrzb
534-5.7.14 8k9yGRLY_8m35DahiX8APuWwBlICuu-ZNhp_Q1GsUWFZy5MirYC6Yao_WeaxWmv7gmn4uW
534-5.7.14 ui0RomqecIsf5-pxHhgyqyF8TImOU> Please log in via your web browser and
534-5.7.14 then try again.
534-5.7.14  Learn more at
534 5.7.14  https://support.google.com/mail/answer/78754 4sm6241923wmm.1 - gsmtp

[8mha:////4BjWT5Iaof6VliD7FyhoN9gLd4yTPBhKMIDvX9cYNqCoAAAAVx+LCAAAAAAAAP9b85aBtbiIQSmjNKU4P08vOT+vOD8nVc8DzHWtSE4tKMnMz/PLL0mV3NWzufebKBsTA0NFEYMUmgZnCA1SyAABjCCFBQC2xNaiYAAAAA==[0mjavax.mail.AuthenticationFailedException: 534-5.7.14 <https://accounts.google.com/signin/continue?sarp=1&scc=1&plt=AKgnsbt8
534-5.7.14 zZ_XgRqQ48NVvxUW1HFnqrN6jWHVtb4zZ2y5HRYB7JwNrltsHuattJf70O2eVUjgf0dHtK
534-5.7.14 Kf4739vHKqm0ys6EXN4RggQzg5Q7n0oYcVD-27yDejEXa5Pa78LBXca6h_7pDa1yewyrzb
534-5.7.14 8k9yGRLY_8m35DahiX8APuWwBlICuu-ZNhp_Q1GsUWFZy5MirYC6Yao_WeaxWmv7gmn4uW
534-5.7.14 ui0RomqecIsf5-pxHhgyqyF8TImOU> Please log in via your web browser and
534-5.7.14 then try again.
534-5.7.14  Learn more at
534 5.7.14  https://support.google.com/mail/answer/78754 4sm6241923wmm.1 - gsmtp

	at com.sun.mail.smtp.SMTPTransport$Authenticator.authenticate(SMTPTransport.java:809)
	at com.sun.mail.smtp.SMTPTransport.authenticate(SMTPTransport.java:752)
	at com.sun.mail.smtp.SMTPTransport.protocolConnect(SMTPTransport.java:669)
	at javax.mail.Service.connect(Service.java:317)
	at javax.mail.Service.connect(Service.java:176)
	at javax.mail.Service.connect(Service.java:125)
	at javax.mail.Transport.send0(Transport.java:194)
	at javax.mail.Transport.send(Transport.java:124)
	at hudson.tasks.MailSender.run(MailSender.java:131)
	at hudson.tasks.Mailer.perform(Mailer.java:170)
	at hudson.tasks.BuildStepCompatibilityLayer.perform(BuildStepCompatibilityLayer.java:81)
	at hudson.tasks.BuildStepMonitor$1.perform(BuildStepMonitor.java:20)
	at hudson.model.AbstractBuild$AbstractBuildExecution.perform(AbstractBuild.java:736)
	at hudson.model.AbstractBuild$AbstractBuildExecution.performAllBuildSteps(AbstractBuild.java:682)
	at hudson.model.Build$BuildExecution.post2(Build.java:186)
	at hudson.model.AbstractBuild$AbstractBuildExecution.post(AbstractBuild.java:627)
	at hudson.model.Run.execute(Run.java:1762)
	at hudson.model.FreeStyleBuild.run(FreeStyleBuild.java:43)
	at hudson.model.ResourceController.execute(ResourceController.java:97)
	at hudson.model.Executor.run(Executor.java:421)
Finished: FAILURE
